Unsupposrted library path: C:\Users\mathi\OneDrive\Documents\workspace\breachmod\build\classes\java\api
Unsupposrted library path: C:\Users\mathi\OneDrive\Documents\workspace\breachmod\build\resources\api
Symbol range map extraction starting
Processing 218 files
startProcessing "net/mcreator/breachmod/BreachMod.java" md5: 4b13c38556bb3aa0f061977aed3e9546
endProcessing "net/mcreator/breachmod/BreachMod.java"

startProcessing "net/mcreator/breachmod/BreachModVariables.java" md5: 1123e0836f7c364f3043391906ec7bbf
endProcessing "net/mcreator/breachmod/BreachModVariables.java"

startProcessing "net/mcreator/breachmod/ClientProxyBreachMod.java" md5: d8cf7e6159ca31068310f88cbcd4436c
endProcessing "net/mcreator/breachmod/ClientProxyBreachMod.java"

startProcessing "net/mcreator/breachmod/ElementsBreachMod.java" md5: 094df025b41463c3213da4248fc71d83
endProcessing "net/mcreator/breachmod/ElementsBreachMod.java"

startProcessing "net/mcreator/breachmod/IProxyBreachMod.java" md5: 3bad4dc1c96c80c9b78a0036d392176a
endProcessing "net/mcreator/breachmod/IProxyBreachMod.java"

startProcessing "net/mcreator/breachmod/ServerProxyBreachMod.java" md5: 3bc8c5e2c5ae7021c15eb32f4e469782
endProcessing "net/mcreator/breachmod/ServerProxyBreachMod.java"

startProcessing "net/mcreator/breachmod/block/BlockAimant.java" md5: da6f9a351408139d81421b8c64321397
endProcessing "net/mcreator/breachmod/block/BlockAimant.java"

startProcessing "net/mcreator/breachmod/block/BlockAmmo.java" md5: c5bc1b68485c273917f43a0c6f751ac8
endProcessing "net/mcreator/breachmod/block/BlockAmmo.java"

startProcessing "net/mcreator/breachmod/block/BlockB860Leaves.java" md5: 1da7a8ec67f75a3d92cbec12b095245f
endProcessing "net/mcreator/breachmod/block/BlockB860Leaves.java"

startProcessing "net/mcreator/breachmod/block/BlockB860Logs.java" md5: 43ca784419a0419aefcfde6c1971e13f
endProcessing "net/mcreator/breachmod/block/BlockB860Logs.java"

startProcessing "net/mcreator/breachmod/block/BlockB860SolBlock.java" md5: 242997320211491bd0b8c04bfa8c1fdb
endProcessing "net/mcreator/breachmod/block/BlockB860SolBlock.java"

startProcessing "net/mcreator/breachmod/block/BlockB860SolSlab.java" md5: 39cfc0905200b428a86d92a182056bc1
endProcessing "net/mcreator/breachmod/block/BlockB860SolSlab.java"

startProcessing "net/mcreator/breachmod/block/BlockB860SolStair.java" md5: 8d8dcf5fe07f5c96ec6cde3598a54d28
endProcessing "net/mcreator/breachmod/block/BlockB860SolStair.java"

startProcessing "net/mcreator/breachmod/block/BlockB860grass.java" md5: 022dcef87f2ef705acbf14bad538d4b2
endProcessing "net/mcreator/breachmod/block/BlockB860grass.java"

startProcessing "net/mcreator/breachmod/block/BlockB860plant.java" md5: 3b599515880c5e831774e25e8c7b3fef
endProcessing "net/mcreator/breachmod/block/BlockB860plant.java"

startProcessing "net/mcreator/breachmod/block/BlockB914.java" md5: 48fb91e78d9eff519aa3e39df99b11f0
endProcessing "net/mcreator/breachmod/block/BlockB914.java"

startProcessing "net/mcreator/breachmod/block/BlockBActive.java" md5: 5dc82a5bd879a00b1e5209b343611bbc
endProcessing "net/mcreator/breachmod/block/BlockBActive.java"

startProcessing "net/mcreator/breachmod/block/BlockBLB914.java" md5: fd303437fdbd90d5fa7f7eed2e113f80
endProcessing "net/mcreator/breachmod/block/BlockBLB914.java"

startProcessing "net/mcreator/breachmod/block/BlockBLU914.java" md5: af642f6783ba3e84a41cffc3f7203d53
endProcessing "net/mcreator/breachmod/block/BlockBLU914.java"

startProcessing "net/mcreator/breachmod/block/BlockBRB914.java" md5: b2c72f51c87cb82510d7e9d71b28fd4e
endProcessing "net/mcreator/breachmod/block/BlockBRB914.java"

startProcessing "net/mcreator/breachmod/block/BlockBRU914.java" md5: 2491ec88bf475bb637d7b8c3633f9ff2
endProcessing "net/mcreator/breachmod/block/BlockBRU914.java"

startProcessing "net/mcreator/breachmod/block/BlockBancPied.java" md5: 4254f1a6f4a8c7ec28c2091345ab8ba6
endProcessing "net/mcreator/breachmod/block/BlockBancPied.java"

startProcessing "net/mcreator/breachmod/block/BlockBancVolant.java" md5: d1a4d776f131b599d8d7df34d7cc804b
endProcessing "net/mcreator/breachmod/block/BlockBancVolant.java"

startProcessing "net/mcreator/breachmod/block/BlockBiblio1.java" md5: e47f3f8eb054fdeae31a07daaa2d4b13
endProcessing "net/mcreator/breachmod/block/BlockBiblio1.java"

startProcessing "net/mcreator/breachmod/block/BlockBiblio2.java" md5: 99af3e6e4742d9eaa5d4348dab800c01
endProcessing "net/mcreator/breachmod/block/BlockBiblio2.java"

startProcessing "net/mcreator/breachmod/block/BlockBl914.java" md5: da1448ca13721314aa40d5e228ed5411
endProcessing "net/mcreator/breachmod/block/BlockBl914.java"

startProcessing "net/mcreator/breachmod/block/BlockBlackFluid.java" md5: f3633865f998c5e9068bb3cef42b990c
endProcessing "net/mcreator/breachmod/block/BlockBlackFluid.java"

startProcessing "net/mcreator/breachmod/block/BlockBr914.java" md5: fc8803ee333f8f88ba27125aadf74672
endProcessing "net/mcreator/breachmod/block/BlockBr914.java"

startProcessing "net/mcreator/breachmod/block/BlockCabiner.java" md5: 8d79af1df46509db348c5ae3d67361ff
endProcessing "net/mcreator/breachmod/block/BlockCabiner.java"

startProcessing "net/mcreator/breachmod/block/BlockCadrePortillon.java" md5: a17d7a37f8bfdedd727e39cd5c417c73
endProcessing "net/mcreator/breachmod/block/BlockCadrePortillon.java"

startProcessing "net/mcreator/breachmod/block/BlockCaisse1x1Blanc.java" md5: 05a5b215f0a0d397a204423a65d7ff7c
endProcessing "net/mcreator/breachmod/block/BlockCaisse1x1Blanc.java"

startProcessing "net/mcreator/breachmod/block/BlockCaisse1x1Bleu.java" md5: 234c520f8dacbc75616be8e5ad9ddcb4
endProcessing "net/mcreator/breachmod/block/BlockCaisse1x1Bleu.java"

startProcessing "net/mcreator/breachmod/block/BlockCaisse1x1Gris.java" md5: 70afd668ae3756d967d4e908530d1999
endProcessing "net/mcreator/breachmod/block/BlockCaisse1x1Gris.java"

startProcessing "net/mcreator/breachmod/block/BlockCaisse1x1GrisFonce.java" md5: b8f3c5baf7f667045827e4acc0d8edf4
endProcessing "net/mcreator/breachmod/block/BlockCaisse1x1GrisFonce.java"

startProcessing "net/mcreator/breachmod/block/BlockCaisse1x1Jaune.java" md5: 785a5ccce136544a1b202bfdb38f9127
endProcessing "net/mcreator/breachmod/block/BlockCaisse1x1Jaune.java"

startProcessing "net/mcreator/breachmod/block/BlockCaisse1x1Rouge.java" md5: 87db59f9b93b13a86dc9ec3cd6919815
endProcessing "net/mcreator/breachmod/block/BlockCaisse1x1Rouge.java"

startProcessing "net/mcreator/breachmod/block/BlockCaisse1x1Vert.java" md5: 6e963d1d986e55cabf17b3941297317c
endProcessing "net/mcreator/breachmod/block/BlockCaisse1x1Vert.java"

startProcessing "net/mcreator/breachmod/block/BlockCaisse1x1Violet.java" md5: 465bf7ddb173e785f8926b15335a2a45
endProcessing "net/mcreator/breachmod/block/BlockCaisse1x1Violet.java"

startProcessing "net/mcreator/breachmod/block/BlockCaisse1x1orange.java" md5: 95cffb61906fdd62594f11b951ff95ec
endProcessing "net/mcreator/breachmod/block/BlockCaisse1x1orange.java"

startProcessing "net/mcreator/breachmod/block/BlockCaisse2x1Blanc.java" md5: c2780dd66efcbbaccee941bf526865e7
endProcessing "net/mcreator/breachmod/block/BlockCaisse2x1Blanc.java"

startProcessing "net/mcreator/breachmod/block/BlockCaisse2x1Bleu.java" md5: 522c6680d0a00cfdae9456ee7fe8912a
endProcessing "net/mcreator/breachmod/block/BlockCaisse2x1Bleu.java"

startProcessing "net/mcreator/breachmod/block/BlockCaisse2x1Gris.java" md5: 446533b3260a51302fd3e49c3a5ef547
endProcessing "net/mcreator/breachmod/block/BlockCaisse2x1Gris.java"

startProcessing "net/mcreator/breachmod/block/BlockCaisse2x1GrisFonce.java" md5: 441f5b911ae02210485a4723e06474d3
endProcessing "net/mcreator/breachmod/block/BlockCaisse2x1GrisFonce.java"

startProcessing "net/mcreator/breachmod/block/BlockCaisse2x1Jaune.java" md5: f21037df34c3480add7f20175a7cd4d6
endProcessing "net/mcreator/breachmod/block/BlockCaisse2x1Jaune.java"

startProcessing "net/mcreator/breachmod/block/BlockCaisse2x1Orange.java" md5: 40f3746a7b08c3d23fce0712615d4b0f
endProcessing "net/mcreator/breachmod/block/BlockCaisse2x1Orange.java"

startProcessing "net/mcreator/breachmod/block/BlockCaisse2x1Rouge.java" md5: 0e5a535fb25530bc777f22a273235750
endProcessing "net/mcreator/breachmod/block/BlockCaisse2x1Rouge.java"

startProcessing "net/mcreator/breachmod/block/BlockCaisse2x1Vert.java" md5: 8c739dbb80106cc2fa1484ed5739f8bc
endProcessing "net/mcreator/breachmod/block/BlockCaisse2x1Vert.java"

startProcessing "net/mcreator/breachmod/block/BlockCaisse2x1Violet.java" md5: 0ea3a985f5eca5d5275816f97cd40ff6
endProcessing "net/mcreator/breachmod/block/BlockCaisse2x1Violet.java"

startProcessing "net/mcreator/breachmod/block/BlockCaisse2x2Blanc.java" md5: c6a78d0cdded4bbd8419c912e727fadc
endProcessing "net/mcreator/breachmod/block/BlockCaisse2x2Blanc.java"

startProcessing "net/mcreator/breachmod/block/BlockCaisse2x2Bleu.java" md5: 369243dcc2b8a99d2fa820adf0a36d00
endProcessing "net/mcreator/breachmod/block/BlockCaisse2x2Bleu.java"

startProcessing "net/mcreator/breachmod/block/BlockCaisse2x2Gris.java" md5: c7927c5eb1c17f2c1610a2905ed3de5e
endProcessing "net/mcreator/breachmod/block/BlockCaisse2x2Gris.java"

startProcessing "net/mcreator/breachmod/block/BlockCaisse2x2GrisFonce.java" md5: 4a3162b15f6d97cd62e8c75604bfa463
endProcessing "net/mcreator/breachmod/block/BlockCaisse2x2GrisFonce.java"

startProcessing "net/mcreator/breachmod/block/BlockCaisse2x2Jaune.java" md5: 78469d7167cc78fbb9f6b43f886113ba
endProcessing "net/mcreator/breachmod/block/BlockCaisse2x2Jaune.java"

startProcessing "net/mcreator/breachmod/block/BlockCaisse2x2Orange.java" md5: a5555fdf52a5a31089d49dc57e11b188
endProcessing "net/mcreator/breachmod/block/BlockCaisse2x2Orange.java"

startProcessing "net/mcreator/breachmod/block/BlockCaisse2x2Rouge.java" md5: e46bc4f3b82161b8bacab74897dfffea
endProcessing "net/mcreator/breachmod/block/BlockCaisse2x2Rouge.java"

startProcessing "net/mcreator/breachmod/block/BlockCaisse2x2Vert.java" md5: 5f661f0a8f3790c595c6423a0e5c7556
endProcessing "net/mcreator/breachmod/block/BlockCaisse2x2Vert.java"

startProcessing "net/mcreator/breachmod/block/BlockCaisse2x2Violet.java" md5: 551618ba15d77abd7dbd89d762fcb226
endProcessing "net/mcreator/breachmod/block/BlockCaisse2x2Violet.java"

startProcessing "net/mcreator/breachmod/block/BlockCam.java" md5: 5702e565efa5c2b9f573361fea1c2eb8
endProcessing "net/mcreator/breachmod/block/BlockCam.java"

startProcessing "net/mcreator/breachmod/block/BlockCarReaderDenied.java" md5: 2d193acee5752f5b2f52088d32c89133
endProcessing "net/mcreator/breachmod/block/BlockCarReaderDenied.java"

startProcessing "net/mcreator/breachmod/block/BlockCarReaderGranted.java" md5: f9b9eab5a4f93240f591581959271538
endProcessing "net/mcreator/breachmod/block/BlockCarReaderGranted.java"

startProcessing "net/mcreator/breachmod/block/BlockCardReader.java" md5: 1e3b0af95b6b8d15a7eb92924c476727
endProcessing "net/mcreator/breachmod/block/BlockCardReader.java"

startProcessing "net/mcreator/breachmod/block/BlockCasier.java" md5: 5164a4addfda2e100d2b12d0ecb960f7
endProcessing "net/mcreator/breachmod/block/BlockCasier.java"

startProcessing "net/mcreator/breachmod/block/BlockCatalyser.java" md5: d76faf8acd6db5e04d5d951d43ff8e40
endProcessing "net/mcreator/breachmod/block/BlockCatalyser.java"

startProcessing "net/mcreator/breachmod/block/BlockCeillingBlock.java" md5: f105a722e46258dff3fba9c045687461
endProcessing "net/mcreator/breachmod/block/BlockCeillingBlock.java"

startProcessing "net/mcreator/breachmod/block/BlockCeillingSlab.java" md5: 4524439b558ba8855ff37f858d368a69
endProcessing "net/mcreator/breachmod/block/BlockCeillingSlab.java"

startProcessing "net/mcreator/breachmod/block/BlockCeillingStair.java" md5: 0e970da970ddab030f94b462764629ee
endProcessing "net/mcreator/breachmod/block/BlockCeillingStair.java"

startProcessing "net/mcreator/breachmod/block/BlockClasseDDead.java" md5: 841139b0ca6ae13723170f1b364347da
endProcessing "net/mcreator/breachmod/block/BlockClasseDDead.java"

startProcessing "net/mcreator/breachmod/block/BlockComputer.java" md5: ffd7bb40d8470d5d54f4ea928623b73e
endProcessing "net/mcreator/breachmod/block/BlockComputer.java"

startProcessing "net/mcreator/breachmod/block/BlockConainementDoor2.java" md5: 96348b987f06776eb00df3e4ca289047
endProcessing "net/mcreator/breachmod/block/BlockConainementDoor2.java"

startProcessing "net/mcreator/breachmod/block/BlockConduit1.java" md5: 4c52c8614af7273d4d4b179d45b0c4fc
endProcessing "net/mcreator/breachmod/block/BlockConduit1.java"

startProcessing "net/mcreator/breachmod/block/BlockConduit2.java" md5: bb906028a53805db9f69a1c1a54a738c
endProcessing "net/mcreator/breachmod/block/BlockConduit2.java"

startProcessing "net/mcreator/breachmod/block/BlockConduit3.java" md5: 66987b6507a2f2bb791c483b07eed6d0
endProcessing "net/mcreator/breachmod/block/BlockConduit3.java"

startProcessing "net/mcreator/breachmod/block/BlockConduit4.java" md5: ef13469ca6ac00cc6341343a8fb94a92
endProcessing "net/mcreator/breachmod/block/BlockConduit4.java"

startProcessing "net/mcreator/breachmod/block/BlockConfinementFloor.java" md5: 98d8451e1bf9b718078236a3592bbab7
endProcessing "net/mcreator/breachmod/block/BlockConfinementFloor.java"

startProcessing "net/mcreator/breachmod/block/BlockContainementDoor1.java" md5: f5a2038323a9644ff6e54c02a1f34b20
endProcessing "net/mcreator/breachmod/block/BlockContainementDoor1.java"

startProcessing "net/mcreator/breachmod/block/BlockContainementDoor3.java" md5: 4d4ab64b38bd501d072ececc08a7f6a0
endProcessing "net/mcreator/breachmod/block/BlockContainementDoor3.java"

startProcessing "net/mcreator/breachmod/block/BlockContainementHaut.java" md5: 6cf03f89b5cc18a69616bef4ddd6ba83
endProcessing "net/mcreator/breachmod/block/BlockContainementHaut.java"

startProcessing "net/mcreator/breachmod/block/BlockContainementHautNew.java" md5: 3eb4ee891cdf6760079dcd8b82cf1111
endProcessing "net/mcreator/breachmod/block/BlockContainementHautNew.java"

startProcessing "net/mcreator/breachmod/block/BlockContainementMetal.java" md5: c12160fb94a35579a2622de0ec587f4a
endProcessing "net/mcreator/breachmod/block/BlockContainementMetal.java"

startProcessing "net/mcreator/breachmod/block/BlockContainmentBlockBas.java" md5: 77045916cc791f549e1e21da56701507
endProcessing "net/mcreator/breachmod/block/BlockContainmentBlockBas.java"

startProcessing "net/mcreator/breachmod/block/BlockCuve.java" md5: 95393b5fcb86dda9c901d06bba5519ba
endProcessing "net/mcreator/breachmod/block/BlockCuve.java"

startProcessing "net/mcreator/breachmod/block/BlockDesktop1.java" md5: 83f18cf3c8753c6f73a68f70fc013c52
endProcessing "net/mcreator/breachmod/block/BlockDesktop1.java"

startProcessing "net/mcreator/breachmod/block/BlockDesktop2.java" md5: 306e6cb1f38e6ef6d3e24344957b5077
endProcessing "net/mcreator/breachmod/block/BlockDesktop2.java"

startProcessing "net/mcreator/breachmod/block/BlockDesktop3.java" md5: cbcd7ab302496b4f136fe71fe576a47d
endProcessing "net/mcreator/breachmod/block/BlockDesktop3.java"

startProcessing "net/mcreator/breachmod/block/BlockDirtymetal.java" md5: 09cf51b6454ce10e3b4beec7797a38be
endProcessing "net/mcreator/breachmod/block/BlockDirtymetal.java"

startProcessing "net/mcreator/breachmod/block/BlockEZ1.java" md5: 2deb78b6731b48ec9c71201398850fdb
endProcessing "net/mcreator/breachmod/block/BlockEZ1.java"

startProcessing "net/mcreator/breachmod/block/BlockEZ2.java" md5: d62e4ce9de1a5fe4abaae01ec7fabce8
endProcessing "net/mcreator/breachmod/block/BlockEZ2.java"

startProcessing "net/mcreator/breachmod/block/BlockEZ3.java" md5: 443bfa56d6ebf1eb7f5c54a7be96b3b4
endProcessing "net/mcreator/breachmod/block/BlockEZ3.java"

startProcessing "net/mcreator/breachmod/block/BlockEZ4.java" md5: bbed3bc977a7e33cfb128e7e90cfc95f
endProcessing "net/mcreator/breachmod/block/BlockEZ4.java"

startProcessing "net/mcreator/breachmod/block/BlockEZBlock.java" md5: 08500a5ef97e7cc98c705510dbbb93b6
endProcessing "net/mcreator/breachmod/block/BlockEZBlock.java"

startProcessing "net/mcreator/breachmod/block/BlockEZBlockNews.java" md5: 8989d508abd6bad0de5f0a3b25ea99c4
endProcessing "net/mcreator/breachmod/block/BlockEZBlockNews.java"

startProcessing "net/mcreator/breachmod/block/BlockElectricalBar1.java" md5: 95c133c557a0253bd50967e45d6bbe0c
endProcessing "net/mcreator/breachmod/block/BlockElectricalBar1.java"

startProcessing "net/mcreator/breachmod/block/BlockElectricalBar2.java" md5: 86c013ef42cd67457658ebba51d77eee
endProcessing "net/mcreator/breachmod/block/BlockElectricalBar2.java"

startProcessing "net/mcreator/breachmod/block/BlockElectricalBar3.java" md5: 1d870705cf60bd723eef48950bcb8e53
endProcessing "net/mcreator/breachmod/block/BlockElectricalBar3.java"

startProcessing "net/mcreator/breachmod/block/BlockElectricalBar4.java" md5: d443ad4f82825932394cfdfc5a584bde
endProcessing "net/mcreator/breachmod/block/BlockElectricalBar4.java"

startProcessing "net/mcreator/breachmod/block/BlockElectricalBar5.java" md5: 4cef6699561955efc2b428eb5fffc6e1
endProcessing "net/mcreator/breachmod/block/BlockElectricalBar5.java"

startProcessing "net/mcreator/breachmod/block/BlockElectricalBar6.java" md5: 54a88b124616fe09321fd401811b782c
endProcessing "net/mcreator/breachmod/block/BlockElectricalBar6.java"

startProcessing "net/mcreator/breachmod/block/BlockElectricalBarEZ1.java" md5: 148cf610eee651eca612325b2147fb41
endProcessing "net/mcreator/breachmod/block/BlockElectricalBarEZ1.java"

startProcessing "net/mcreator/breachmod/block/BlockElectricalBarEZ2.java" md5: c875e749ae7994e662ae07a608191011
endProcessing "net/mcreator/breachmod/block/BlockElectricalBarEZ2.java"

startProcessing "net/mcreator/breachmod/block/BlockElectricalBarEZ3.java" md5: 2b5f41cbb68e0240d63ba1b15aabc878
endProcessing "net/mcreator/breachmod/block/BlockElectricalBarEZ3.java"

startProcessing "net/mcreator/breachmod/block/BlockElectricalBarEZ4.java" md5: 6006f4171bf8715f89316bbb61284a92
endProcessing "net/mcreator/breachmod/block/BlockElectricalBarEZ4.java"

startProcessing "net/mcreator/breachmod/block/BlockElectricalBarEZ5.java" md5: 89ec0fb0186dd819dba562d37786f386
endProcessing "net/mcreator/breachmod/block/BlockElectricalBarEZ5.java"

startProcessing "net/mcreator/breachmod/block/BlockElectricalBarEZ6.java" md5: f5be291ec555180d70ddda6688130862
endProcessing "net/mcreator/breachmod/block/BlockElectricalBarEZ6.java"

startProcessing "net/mcreator/breachmod/block/BlockElectricalBarLCZ1.java" md5: 00c276c76bd52ac8f7a0690a97e66497
endProcessing "net/mcreator/breachmod/block/BlockElectricalBarLCZ1.java"

startProcessing "net/mcreator/breachmod/block/BlockElectricalBarLCZ2.java" md5: 6eff6ff9d777ce34b5c1635080249379
endProcessing "net/mcreator/breachmod/block/BlockElectricalBarLCZ2.java"

startProcessing "net/mcreator/breachmod/block/BlockElectricalBarLCZ3.java" md5: 7e0e62886dbe2eb43646321c4a2e1bd5
endProcessing "net/mcreator/breachmod/block/BlockElectricalBarLCZ3.java"

startProcessing "net/mcreator/breachmod/block/BlockElectricalBarLCZ4.java" md5: b203ee3ee1cf510a307f981178332051
endProcessing "net/mcreator/breachmod/block/BlockElectricalBarLCZ4.java"

startProcessing "net/mcreator/breachmod/block/BlockElectricalBarLCZ5.java" md5: abbc50377798e17a3bdd90df9cca5f21
endProcessing "net/mcreator/breachmod/block/BlockElectricalBarLCZ5.java"

startProcessing "net/mcreator/breachmod/block/BlockElectricalBarLCZ6.java" md5: 0880c14ad185eb0ae34ff32d91e1680e
endProcessing "net/mcreator/breachmod/block/BlockElectricalBarLCZ6.java"

startProcessing "net/mcreator/breachmod/block/BlockElectricalPanel.java" md5: 7e16dbe690067584e3f6fdc5e242a5e3
endProcessing "net/mcreator/breachmod/block/BlockElectricalPanel.java"

startProcessing "net/mcreator/breachmod/block/BlockGServer1.java" md5: 22e31e2b63c6cac9771e7bc2a07035fb
endProcessing "net/mcreator/breachmod/block/BlockGServer1.java"

startProcessing "net/mcreator/breachmod/block/BlockGServer2.java" md5: 55764a81f5c3bc896dc26851147a9bd6
endProcessing "net/mcreator/breachmod/block/BlockGServer2.java"

startProcessing "net/mcreator/breachmod/block/BlockGServer3.java" md5: 40034e68af054e5b13c698fef8093362
endProcessing "net/mcreator/breachmod/block/BlockGServer3.java"

startProcessing "net/mcreator/breachmod/block/BlockGates.java" md5: 763d2ed0f0fb7707bf2a26f6597af5d7
endProcessing "net/mcreator/breachmod/block/BlockGates.java"

startProcessing "net/mcreator/breachmod/block/BlockGenerateur.java" md5: 468d1169fc62b514ecd572bbbd130fe7
endProcessing "net/mcreator/breachmod/block/BlockGenerateur.java"

startProcessing "net/mcreator/breachmod/block/BlockGenerator.java" md5: fef2d50651f538b8a291bfe4cbdc766e
endProcessing "net/mcreator/breachmod/block/BlockGenerator.java"

startProcessing "net/mcreator/breachmod/block/BlockGrandeTable.java" md5: 9bbfce84091305a7fc0d0326f5fc7cf1
endProcessing "net/mcreator/breachmod/block/BlockGrandeTable.java"

startProcessing "net/mcreator/breachmod/block/BlockGrandeTableAPied.java" md5: 4dec57f1ae65916ff79ea1e31bfe8a4d
endProcessing "net/mcreator/breachmod/block/BlockGrandeTableAPied.java"

startProcessing "net/mcreator/breachmod/block/BlockGrandeTableAPied2.java" md5: 718f0413d26aaddd322b7544b98b7d5a
endProcessing "net/mcreator/breachmod/block/BlockGrandeTableAPied2.java"

startProcessing "net/mcreator/breachmod/block/BlockGrill1.java" md5: b479a2cf137644217595fad453be1839
endProcessing "net/mcreator/breachmod/block/BlockGrill1.java"

startProcessing "net/mcreator/breachmod/block/BlockGrill2.java" md5: a63aa5898c6e9f06f234a37e8e32c676
endProcessing "net/mcreator/breachmod/block/BlockGrill2.java"

startProcessing "net/mcreator/breachmod/block/BlockGrill3.java" md5: 4b490bc5f7bf858b691dda034e777435
endProcessing "net/mcreator/breachmod/block/BlockGrill3.java"

startProcessing "net/mcreator/breachmod/block/BlockGrill4.java" md5: 0efada91de81e2fb37a415f259dc0dbd
endProcessing "net/mcreator/breachmod/block/BlockGrill4.java"

startProcessing "net/mcreator/breachmod/block/BlockH914.java" md5: f5c91bce29417706679a0015356a413d
endProcessing "net/mcreator/breachmod/block/BlockH914.java"

startProcessing "net/mcreator/breachmod/block/BlockHCZWall.java" md5: c0bf66d2b42b28e049dd044c4f6687a2
endProcessing "net/mcreator/breachmod/block/BlockHCZWall.java"

startProcessing "net/mcreator/breachmod/block/BlockHautparleur.java" md5: 2a2bb7052a60030211e84d7ad10e01bb
endProcessing "net/mcreator/breachmod/block/BlockHautparleur.java"

startProcessing "net/mcreator/breachmod/block/BlockHl914.java" md5: 1dda8413d99334ab0cb12b767c576f9a
endProcessing "net/mcreator/breachmod/block/BlockHl914.java"

startProcessing "net/mcreator/breachmod/block/BlockHr914.java" md5: eaba413ffad075cd5961a8d4f0a2b260
endProcessing "net/mcreator/breachmod/block/BlockHr914.java"

startProcessing "net/mcreator/breachmod/block/BlockInput.java" md5: 9f12b480619319e469819d8ad90c6ca1
endProcessing "net/mcreator/breachmod/block/BlockInput.java"

startProcessing "net/mcreator/breachmod/block/BlockLCZ1.java" md5: 3dc82dc98915ad71b7ff3a931b93834a
endProcessing "net/mcreator/breachmod/block/BlockLCZ1.java"

startProcessing "net/mcreator/breachmod/block/BlockLCZ2.java" md5: 55092613cd97c3c699431a207a7f71b0
endProcessing "net/mcreator/breachmod/block/BlockLCZ2.java"

startProcessing "net/mcreator/breachmod/block/BlockLCZ3.java" md5: 6c3620fc45f3396c84d956d296683be4
endProcessing "net/mcreator/breachmod/block/BlockLCZ3.java"

startProcessing "net/mcreator/breachmod/block/BlockLCZ4.java" md5: 4a937e52614d87ee13bf4fac8c4da139
endProcessing "net/mcreator/breachmod/block/BlockLCZ4.java"

startProcessing "net/mcreator/breachmod/block/BlockLCZBas.java" md5: f0f4af824b77bd2d7ba8f69d65c8b4c3
endProcessing "net/mcreator/breachmod/block/BlockLCZBas.java"

startProcessing "net/mcreator/breachmod/block/BlockLCZBasNews.java" md5: 1a0f179ff8cc6974a997c110a72311fe
endProcessing "net/mcreator/breachmod/block/BlockLCZBasNews.java"

startProcessing "net/mcreator/breachmod/block/BlockLamp10.java" md5: 819dbd6c733cfb6b1e8ae628b278c33e
endProcessing "net/mcreator/breachmod/block/BlockLamp10.java"

startProcessing "net/mcreator/breachmod/block/BlockLamp13.java" md5: 3650723bbcf4a07d2d25c0cbf7352126
endProcessing "net/mcreator/breachmod/block/BlockLamp13.java"

startProcessing "net/mcreator/breachmod/block/BlockLamp5.java" md5: 348a9d5cbbed7b0ef9077e78d09bb152
endProcessing "net/mcreator/breachmod/block/BlockLamp5.java"

startProcessing "net/mcreator/breachmod/block/BlockLampMuralWhite.java" md5: 1bea7ef9d8c414355f092b1979cbc507
endProcessing "net/mcreator/breachmod/block/BlockLampMuralWhite.java"

startProcessing "net/mcreator/breachmod/block/BlockLampOff.java" md5: fdf4c884622c683eedf4ab5fd92a9ecf
endProcessing "net/mcreator/breachmod/block/BlockLampOff.java"

startProcessing "net/mcreator/breachmod/block/BlockLampWhite10.java" md5: 696aa13642539ae308cc505be07622a1
endProcessing "net/mcreator/breachmod/block/BlockLampWhite10.java"

startProcessing "net/mcreator/breachmod/block/BlockLampWhite13.java" md5: ceaf9a877c5cc6fbd989295a3ed4b971
endProcessing "net/mcreator/breachmod/block/BlockLampWhite13.java"

startProcessing "net/mcreator/breachmod/block/BlockLampWhite5.java" md5: 34163575af9ef550f6fa3b49082412b4
endProcessing "net/mcreator/breachmod/block/BlockLampWhite5.java"

startProcessing "net/mcreator/breachmod/block/BlockLampWhiteNormal.java" md5: 401e801e556fc9a8b7526b0fd2010dc0
endProcessing "net/mcreator/breachmod/block/BlockLampWhiteNormal.java"

startProcessing "net/mcreator/breachmod/block/BlockLampWhiteOff.java" md5: 425d359fa392cc81043d6e233ba2c0d1
endProcessing "net/mcreator/breachmod/block/BlockLampWhiteOff.java"

startProcessing "net/mcreator/breachmod/block/BlockLampmural.java" md5: 5be07aa7806455c943639e35b6edb86c
endProcessing "net/mcreator/breachmod/block/BlockLampmural.java"

startProcessing "net/mcreator/breachmod/block/BlockLampnormal.java" md5: 46d08c8800bdbb2714111b261243ae35
endProcessing "net/mcreator/breachmod/block/BlockLampnormal.java"

startProcessing "net/mcreator/breachmod/block/BlockM914.java" md5: 67851ba5b79b3bad71220c146b729574
endProcessing "net/mcreator/breachmod/block/BlockM914.java"

startProcessing "net/mcreator/breachmod/block/BlockMServer1.java" md5: f15bec52d514f0678e6ff4a9d1088fa1
endProcessing "net/mcreator/breachmod/block/BlockMServer1.java"

startProcessing "net/mcreator/breachmod/block/BlockMServer2.java" md5: f7ae53c26ffd475e956a2989769c1778
endProcessing "net/mcreator/breachmod/block/BlockMServer2.java"

startProcessing "net/mcreator/breachmod/block/BlockMedical1.java" md5: 17b3699a5f632673c0c94a5899113777
endProcessing "net/mcreator/breachmod/block/BlockMedical1.java"

startProcessing "net/mcreator/breachmod/block/BlockMedical2.java" md5: 8b8ec23c7e760440586cc75185b5f49f
endProcessing "net/mcreator/breachmod/block/BlockMedical2.java"

startProcessing "net/mcreator/breachmod/block/BlockMedical3.java" md5: b8ce86bacac286b612972b05f3c7c5c7
endProcessing "net/mcreator/breachmod/block/BlockMedical3.java"

startProcessing "net/mcreator/breachmod/block/BlockMedical4.java" md5: 9cb6406371029a1d9ae7579ab1679b73
endProcessing "net/mcreator/breachmod/block/BlockMedical4.java"

startProcessing "net/mcreator/breachmod/block/BlockMetalFloor.java" md5: 23552016ba79c319d827883a1a2e80b4
endProcessing "net/mcreator/breachmod/block/BlockMetalFloor.java"

startProcessing "net/mcreator/breachmod/block/BlockMetalFloorSlab.java" md5: 2439a85905218716ab74b3438293e932
endProcessing "net/mcreator/breachmod/block/BlockMetalFloorSlab.java"

startProcessing "net/mcreator/breachmod/block/BlockMetalFloorStair.java" md5: 4a2f46f808efbbfda95bfe43776d5623
endProcessing "net/mcreator/breachmod/block/BlockMetalFloorStair.java"

startProcessing "net/mcreator/breachmod/block/BlockMetalRenforcer.java" md5: 507996adc5e465e048f79c2506141c67
endProcessing "net/mcreator/breachmod/block/BlockMetalRenforcer.java"

startProcessing "net/mcreator/breachmod/block/BlockMl914.java" md5: 4e09cb1816bb73622ba9916b7d15684b
endProcessing "net/mcreator/breachmod/block/BlockMl914.java"

startProcessing "net/mcreator/breachmod/block/BlockModem.java" md5: 8b5d63543df346cea90749996b41bf53
endProcessing "net/mcreator/breachmod/block/BlockModem.java"

startProcessing "net/mcreator/breachmod/block/BlockMr914.java" md5: 5616301ec1f2fcc8596e1e9d30dce4cd
endProcessing "net/mcreator/breachmod/block/BlockMr914.java"

startProcessing "net/mcreator/breachmod/block/BlockOutput.java" md5: be2932bd9245e11387354872bd2e0925
endProcessing "net/mcreator/breachmod/block/BlockOutput.java"

startProcessing "net/mcreator/breachmod/block/BlockPServer.java" md5: 50bd34c46e8cc9b47c55c9cac88de226
endProcessing "net/mcreator/breachmod/block/BlockPServer.java"

startProcessing "net/mcreator/breachmod/block/BlockPastequeExplosive.java" md5: 14425ab7cefe97a86c5901cf30a8dcc0
endProcessing "net/mcreator/breachmod/block/BlockPastequeExplosive.java"

startProcessing "net/mcreator/breachmod/block/BlockPetiteTableAPied.java" md5: 59e57840ff009584425a5400a10e4cd1
endProcessing "net/mcreator/breachmod/block/BlockPetiteTableAPied.java"

startProcessing "net/mcreator/breachmod/block/BlockPetitelampe.java" md5: 9a095b002b3c4430d5e54ed1c8cf7ac7
endProcessing "net/mcreator/breachmod/block/BlockPetitelampe.java"

startProcessing "net/mcreator/breachmod/block/BlockPlafond.java" md5: 13b600f429240ff8e699ad2ef9426d9c
endProcessing "net/mcreator/breachmod/block/BlockPlafond.java"

startProcessing "net/mcreator/breachmod/block/BlockPorteSCPBas.java" md5: 65a479961612edc59b849d5fdea64632
endProcessing "net/mcreator/breachmod/block/BlockPorteSCPBas.java"

startProcessing "net/mcreator/breachmod/block/BlockPorteSCPHaut.java" md5: 1e9db062378696f5732296ff04ca9834
endProcessing "net/mcreator/breachmod/block/BlockPorteSCPHaut.java"

startProcessing "net/mcreator/breachmod/block/BlockPortillon.java" md5: 981d2d85acfe11a4638c66d45a48c25b
endProcessing "net/mcreator/breachmod/block/BlockPortillon.java"

startProcessing "net/mcreator/breachmod/block/BlockSCP079Block.java" md5: f98ccb34acf09492001d12d084110792
endProcessing "net/mcreator/breachmod/block/BlockSCP079Block.java"

startProcessing "net/mcreator/breachmod/block/BlockSCP1025.java" md5: ea6936f07e38f83f1d2ef3b603ec3945
endProcessing "net/mcreator/breachmod/block/BlockSCP1025.java"

startProcessing "net/mcreator/breachmod/block/BlockSCP1162Hole.java" md5: b70e4d618307307cf3b779a31887db3e
endProcessing "net/mcreator/breachmod/block/BlockSCP1162Hole.java"

startProcessing "net/mcreator/breachmod/block/BlockSCP1162WALL.java" md5: 90513891861ed58284106004042d636a
endProcessing "net/mcreator/breachmod/block/BlockSCP1162WALL.java"

startProcessing "net/mcreator/breachmod/block/BlockScp5131.java" md5: 0419e7cd2a0083d707a1c122bc2a95c8
endProcessing "net/mcreator/breachmod/block/BlockScp5131.java"

startProcessing "net/mcreator/breachmod/block/BlockScp5132.java" md5: e59cc5e7d02996be6dbfd7bed44177cb
endProcessing "net/mcreator/breachmod/block/BlockScp5132.java"

startProcessing "net/mcreator/breachmod/block/BlockSecteur1.java" md5: ed65c9d0a3e74b0a68dd07774e9c0733
endProcessing "net/mcreator/breachmod/block/BlockSecteur1.java"

startProcessing "net/mcreator/breachmod/block/BlockSecteur2.java" md5: 3826921fadc323dca42f3d8b613fe8c4
endProcessing "net/mcreator/breachmod/block/BlockSecteur2.java"

startProcessing "net/mcreator/breachmod/block/BlockSecteur3.java" md5: b5065802668c8ea9407871320c8ae203
endProcessing "net/mcreator/breachmod/block/BlockSecteur3.java"

startProcessing "net/mcreator/breachmod/block/BlockTeslaBlock.java" md5: 8e8a6e631b4d6267f6d01a83bc0ab2f5
endProcessing "net/mcreator/breachmod/block/BlockTeslaBlock.java"

startProcessing "net/mcreator/breachmod/block/BlockTest.java" md5: 601bc3883283305b980dd50dd7964ad6
endProcessing "net/mcreator/breachmod/block/BlockTest.java"

startProcessing "net/mcreator/breachmod/block/BlockTileFloor.java" md5: b4b79ee361a69a248e97f066437c5c1f
endProcessing "net/mcreator/breachmod/block/BlockTileFloor.java"

startProcessing "net/mcreator/breachmod/block/BlockTileFloorSlab.java" md5: c4537bff114d6c2f33a09530b4e03ae4
endProcessing "net/mcreator/breachmod/block/BlockTileFloorSlab.java"

startProcessing "net/mcreator/breachmod/block/BlockTileFloorStair.java" md5: 0a13df08306478f5a42c72c5c34a26f3
endProcessing "net/mcreator/breachmod/block/BlockTileFloorStair.java"

startProcessing "net/mcreator/breachmod/block/BlockVitre1.java" md5: fa94403962bb08db3aec046239d68da0
endProcessing "net/mcreator/breachmod/block/BlockVitre1.java"

startProcessing "net/mcreator/breachmod/block/BlockVitre2.java" md5: 5c0461036b4784e0b64c30520aab5ac6
endProcessing "net/mcreator/breachmod/block/BlockVitre2.java"

startProcessing "net/mcreator/breachmod/block/BlockVitre3.java" md5: 3c2b35508c1366edbb4c2043eb7905a9
endProcessing "net/mcreator/breachmod/block/BlockVitre3.java"

startProcessing "net/mcreator/breachmod/block/BlockVitre4.java" md5: 30cb73df21b3884ce4778c3b69bc16e0
endProcessing "net/mcreator/breachmod/block/BlockVitre4.java"

startProcessing "net/mcreator/breachmod/block/BlockVitre5.java" md5: 16f8d793a886d9aef3351991ca92b085
endProcessing "net/mcreator/breachmod/block/BlockVitre5.java"

startProcessing "net/mcreator/breachmod/block/BlockVitre6.java" md5: 6f76db0651ed5ac9aaafae160e00281b
endProcessing "net/mcreator/breachmod/block/BlockVitre6.java"

startProcessing "net/mcreator/breachmod/block/BlockVitre7.java" md5: 10aa57e903c8dd0befcae60444e408ef
endProcessing "net/mcreator/breachmod/block/BlockVitre7.java"

startProcessing "net/mcreator/breachmod/block/BlockVitre8.java" md5: 849cf85a7b49ae7a3dda0b01293845f7
endProcessing "net/mcreator/breachmod/block/BlockVitre8.java"

startProcessing "net/mcreator/breachmod/block/BlockVitre9.java" md5: 385832cb54db62278b38dfb3a6073ce8
endProcessing "net/mcreator/breachmod/block/BlockVitre9.java"

startProcessing "net/mcreator/breachmod/block/BlockWallLight.java" md5: a6e84cbdafc684b81ab06265268664a1
endProcessing "net/mcreator/breachmod/block/BlockWallLight.java"

startProcessing "net/mcreator/breachmod/block/BlockWhiteWall.java" md5: 9e03d0ff7a9a178f43a746a57f95c459
endProcessing "net/mcreator/breachmod/block/BlockWhiteWall.java"

startProcessing "net/mcreator/breachmod/creativetab/TabCaisseTab.java" md5: 577aeed0ea96817885430d38abb3a794
endProcessing "net/mcreator/breachmod/creativetab/TabCaisseTab.java"

startProcessing "net/mcreator/breachmod/creativetab/TabTab2.java" md5: 897babffa65a7e99b73b74bf98041ff5
endProcessing "net/mcreator/breachmod/creativetab/TabTab2.java"

startProcessing "net/mcreator/breachmod/item/ItemArrownl.java" md5: 0e6c035751e1e006ff9e84a031bd24b3
endProcessing "net/mcreator/breachmod/item/ItemArrownl.java"

startProcessing "net/mcreator/breachmod/item/ItemArrownr.java" md5: 1cf1a8fac98f71997f1afe79a846dfe9
endProcessing "net/mcreator/breachmod/item/ItemArrownr.java"

startProcessing "net/mcreator/breachmod/item/ItemArrowvl.java" md5: 7c938f283ba81bbb8ffd0e579e59c613
endProcessing "net/mcreator/breachmod/item/ItemArrowvl.java"

startProcessing "net/mcreator/breachmod/item/ItemArrowvr.java" md5: 9bbbee46b0670f9fe0d4cb7ba58791d5
endProcessing "net/mcreator/breachmod/item/ItemArrowvr.java"

startProcessing "net/mcreator/breachmod/item/ItemIDCard.java" md5: 532818f15e5d982d82e5042a3bc11993
endProcessing "net/mcreator/breachmod/item/ItemIDCard.java"

startProcessing "net/mcreator/breachmod/item/ItemInformationerror.java" md5: e07abade975367ae1bcc83a5131ac396
endProcessing "net/mcreator/breachmod/item/ItemInformationerror.java"

startProcessing "net/mcreator/breachmod/item/ItemInformationnormal.java" md5: aab068aa95bbce268aebc093c97506c8
endProcessing "net/mcreator/breachmod/item/ItemInformationnormal.java"

startProcessing "net/mcreator/breachmod/item/ItemInformationpremium.java" md5: 77b2ac28c86d2e763ec5505add6423a1
endProcessing "net/mcreator/breachmod/item/ItemInformationpremium.java"

startProcessing "net/mcreator/breachmod/item/ItemLampe.java" md5: 8e466352b5692faadb8a3bdb0db93269
endProcessing "net/mcreator/breachmod/item/ItemLampe.java"

startProcessing "net/mcreator/breachmod/item/ItemLogo.java" md5: 1a8bbb9f72e6452feb983680dffb909a
endProcessing "net/mcreator/breachmod/item/ItemLogo.java"

startProcessing "net/mcreator/breachmod/item/ItemSCP076Sword.java" md5: 9f8abf686d02cf8d9f1b95959b4a6aec
endProcessing "net/mcreator/breachmod/item/ItemSCP076Sword.java"

startProcessing "net/mcreator/breachmod/item/ItemSCP106.java" md5: ee70cd150c99f049133dbb4cacefede6
endProcessing "net/mcreator/breachmod/item/ItemSCP106.java"

startProcessing "net/mcreator/breachmod/item/ItemSCP363.java" md5: 937affb5725e0988171d5def948b2a16
endProcessing "net/mcreator/breachmod/item/ItemSCP363.java"

startProcessing "net/mcreator/breachmod/item/ItemSCP513.java" md5: 89b2deef699487b7599d8bbcda43ac2c
endProcessing "net/mcreator/breachmod/item/ItemSCP513.java"

startProcessing "net/mcreator/breachmod/item/ItemSCP714.java" md5: f9d65cfb138771d873adaeb40c686ded
endProcessing "net/mcreator/breachmod/item/ItemSCP714.java"

startProcessing "net/mcreator/breachmod/item/ItemSCP860.java" md5: 166c71bf77e048a5cc4f72f9e621fff8
endProcessing "net/mcreator/breachmod/item/ItemSCP860.java"

startProcessing "net/mcreator/breachmod/item/ItemSCP999.java" md5: cc6995b445d9535fc596d015e5f1b84c
endProcessing "net/mcreator/breachmod/item/ItemSCP999.java"

startProcessing "net/mcreator/breachmod/item/ItemScp035.java" md5: 10c08bf6278d18041108a9cb0e2d2ed0
endProcessing "net/mcreator/breachmod/item/ItemScp035.java"

startProcessing "net/mcreator/breachmod/keybind/KeyBindingF4MenuDoc.java" md5: 4eb73d7d6164b39ef5d2ce3ed0f2309a
endProcessing "net/mcreator/breachmod/keybind/KeyBindingF4MenuDoc.java"

startProcessing "net/mcreator/breachmod/procedure/ProcedureBlackFluidMobplayerCollidesBlock.java" md5: 1455e4b0b7260ee59c57eb3c4efa81d1
endProcessing "net/mcreator/breachmod/procedure/ProcedureBlackFluidMobplayerCollidesBlock.java"

startProcessing "net/mcreator/breachmod/procedure/ProcedureF4MenuDocOnKeyPressed.java" md5: 16ba3e6c83dcd577683cd84b3e8080eb
endProcessing "net/mcreator/breachmod/procedure/ProcedureF4MenuDocOnKeyPressed.java"

